<?xml version="1.0" encoding="UTF-8"?>
<!-- Generated by org.testng.reporters.JUnitXMLReporter -->
<testsuite ignored="2" hostname="YASH" failures="0" tests="45" name="Test" time="106.345" errors="0" timestamp="2023-08-27T11:28:07 IST">
  <testcase classname="learnTestNG.Arguments" name="loginPage" time="0.018"/>
  <testcase classname="learnTestNG.Arguments" name="loginPage" time="0.003"/>
  <testcase classname="learnTestNG.Arguments" name="loginPage" time="0.004"/>
  <testcase classname="learnTestNG.Arguments" name="homePage" time="0.003"/>
  <testcase classname="learnTestNG.Arguments" name="productPage" time="0.004"/>
  <testcase classname="learnTestNG.Arguments" name="addToCart" time="0.001"/>
  <testcase classname="learnTestNG.Arguments" name="addToCart" time="0.002"/>
  <testcase classname="learnTestNG.Arguments" name="paymentPage" time="0.002"/>
  <testcase classname="learnTestNG.Arguments" name="paymentPage" time="0.004"/>
  <testcase classname="learnTestNG.RunTestNGWithoutMainMethod" name="demo" time="0.009"/>
  <testcase classname="learnTestNG.UseOfBefore_AfterClass" name="loginToActiTime" time="22.52"/>
  <testcase classname="learnTestNG.UseOfBefore_AfterClass" name="loginToVtiger" time="9.672"/>
  <testcase classname="learnTestNG.PriorityArgument" name="loginPage" time="0.002"/>
  <testcase classname="learnTestNG.PriorityArgument" name="homePage" time="0.004"/>
  <testcase classname="learnTestNG.PriorityArgument" name="productPage" time="0.002"/>
  <testcase classname="learnTestNG.DemoPreAndPostConditionThroughAnnotations" name="loginToActiTime" time="35.433"/>
  <testcase classname="learnTestNG.DemoPreAndPostConditionThroughAnnotations" name="loginToVtiger" time="5.625"/>
  <testcase classname="learnTestNG.ExecuteWithInvocationCountArgument" name="homePage" time="0.002"/>
  <testcase classname="learnTestNG.ExecuteWithInvocationCountArgument" name="homePage" time="0.003"/>
  <testcase classname="learnTestNG.ExecuteWithInvocationCountArgument" name="login" time="0.001"/>
  <testcase classname="learnTestNG.ExecuteWithInvocationCountArgument" name="login" time="0.004"/>
  <testcase classname="learnTestNG.ExecuteWithInvocationCountArgument" name="login" time="0.002"/>
  <testcase classname="learnTestNG.ExecuteWithInvocationCountArgument" name="productPage" time="0.002"/>
  <testcase classname="learnTestNG.ExecuteWithInvocationCountArgument" name="productPage" time="0.001"/>
  <testcase classname="learnTestNG.BeforeMethodAfterMethodAnnotation" name="loginToActiTime" time="18.045"/>
  <testcase classname="learnTestNG.BeforeMethodAfterMethodAnnotation" name="loginToVtiger" time="4.139"/>
  <testcase classname="learnTestNG.DisableMethodFromExecution" name="productPage" time="0.002"/>
  <testcase classname="learnTestNG.Group1" name="a" time="0.004"/>
  <testcase classname="learnTestNG.Group1" name="b" time="0.001"/>
  <testcase classname="learnTestNG.Group1" name="c" time="0.001"/>
  <testcase classname="learnTestNG.CreateDependenciesBetweenTestCases" name="loginPage" time="0.001"/>
  <testcase classname="learnTestNG.CreateDependenciesBetweenTestCases" name="loginPage" time="0.001"/>
  <testcase classname="learnTestNG.CreateDependenciesBetweenTestCases" name="homePage" time="0.001"/>
  <testcase classname="learnTestNG.CreateDependenciesBetweenTestCases" name="productPage" time="0.001"/>
  <testcase classname="learnTestNG.CreateDependenciesBetweenTestCases" name="productPage" time="0.001"/>
  <testcase classname="learnTestNG.CreateDependenciesBetweenTestCases" name="productPage" time="0.001"/>
  <testcase classname="learnTestNG.Group3" name="k" time="0.001"/>
  <testcase classname="learnTestNG.Group3" name="l" time="0.001"/>
  <testcase classname="learnTestNG.Group3" name="m" time="0.001"/>
  <testcase classname="learnTestNG.Group2" name="f" time="0.001"/>
  <testcase classname="learnTestNG.Group2" name="g" time="0.002"/>
  <testcase classname="learnTestNG.Group2" name="h" time="0.003"/>
  <testcase classname="learnTestNG.UsingTestAnnotationWithoutPriority" name="homePage" time="0.002"/>
  <testcase classname="learnTestNG.UsingTestAnnotationWithoutPriority" name="loginPage" time="0.002"/>
  <testcase classname="learnTestNG.UsingTestAnnotationWithoutPriority" name="productPage" time="0.001"/>
  <testcase classname="learnTestNG.DisableMethodFromExecution" name="homePage" time="0.0">
    <ignored/>
  </testcase> <!-- homePage -->
  <testcase classname="learnTestNG.DisableMethodFromExecution" name="login" time="0.0">
    <ignored/>
  </testcase> <!-- login -->
</testsuite> <!-- Test -->
