<?xml version="1.0" encoding="UTF-8"?>
<!-- Generated by org.testng.reporters.JUnitXMLReporter -->
<testsuite ignored="0" hostname="YASH" failures="1" tests="1" name="Test" time="22.646" errors="0" timestamp="2024-03-31T19:11:50 IST">
  <testcase classname="Practice.ParallelTesting" name="verifyTitle" time="14.658">
    <failure type="java.lang.AssertionError" message="expected [Jira | Issue &amp;amp; Project Tracking Software | Atlassian] but found [ATLASSIAN]">
      <![CDATA[java.lang.AssertionError: expected [Jira | Issue & Project Tracking Software | Atlassian] but found [ATLASSIAN]
at Practice.ParallelTesting.verifyTitle(ParallelTesting.java:38)
at java.base/java.util.ArrayList.forEach(ArrayList.java:1596)
... Removed 31 stack frames]]>
    </failure>
  </testcase> <!-- verifyTitle -->
</testsuite> <!-- Test -->
